<?xml version="1.0" encoding="UTF-8"?>
<!-- Generated by org.testng.reporters.JUnitReportReporter -->
<testsuite skipped="0" hostname="DESKTOP-7ME5DRG" name="com.crm.qa.testcases.LoginPageTest" tests="3" failures="0" timestamp="2020-06-01T00:20:01 IST" time="43.673" errors="0">
  <testcase name="loginPageTitleTest" time="16.606" classname="com.crm.qa.testcases.LoginPageTest"/>
  <system-out/>
  <testcase name="loginPageLogoTest" time="13.882" classname="com.crm.qa.testcases.LoginPageTest"/>
  <system-out/>
  <testcase name="loginPageLoginTest" time="13.185" classname="com.crm.qa.testcases.LoginPageTest"/>
  <system-out/>
</testsuite> <!-- com.crm.qa.testcases.LoginPageTest -->
