<?xml version="1.0" encoding="UTF-8"?>
<!-- Generated by org.testng.reporters.JUnitReportReporter -->
<testsuite skipped="0" hostname="DESKTOP-7ME5DRG" name="com.crm.qa.testcases.LoginPageTest" tests="3" failures="0" timestamp="2020-06-03T00:17:14 IST" time="45.305" errors="0">
  <testcase name="loginPageTitleTest" time="18.362" classname="com.crm.qa.testcases.LoginPageTest"/>
  <system-out/>
  <testcase name="loginPageLogoTest" time="15.066" classname="com.crm.qa.testcases.LoginPageTest"/>
  <system-out/>
  <testcase name="loginPageLoginTest" time="11.877" classname="com.crm.qa.testcases.LoginPageTest"/>
  <system-out/>
</testsuite> <!-- com.crm.qa.testcases.LoginPageTest -->
